<?xml version="1.0" encoding="UTF-8"?>
<!-- Generated by org.testng.reporters.JUnitReportReporter -->
<testsuite hostname="LAPTOP-O65DUQ5Q" failures="0" tests="2" name="AppTest" time="82.132" errors="0" timestamp="2024-11-29T19:58:15 WIB" skipped="0">
  <testcase classname="AppTest" name="testLogin" time="41.133"/>
  <testcase classname="AppTest" name="testAddToCart" time="40.999"/>
</testsuite> <!-- AppTest -->
